<?xml version="1.0" encoding="UTF-8"?>
<!-- Generated by org.testng.reporters.JUnitReportReporter -->
<testsuite skipped="0" hostname="DESKTOP-8051JJ9" name="WebAppTest.TestFFonGrid" tests="1" failures="0" timestamp="13 Nov 2017 02:42:42 GMT" time="6.280" errors="0">
  <testcase name="test1" time="6.280" classname="WebAppTest.TestFFonGrid"/>
</testsuite> <!-- WebAppTest.TestFFonGrid -->
