<?xml version="1.0" encoding="UTF-8"?>
<!-- Generated by org.testng.reporters.JUnitReportReporter -->
<testsuite skipped="0" hostname="DESKTOP-8051JJ9" name="WebAppTest.TestChromeOnGrid" tests="1" failures="0" timestamp="13 Nov 2017 04:29:12 GMT" time="9.567" errors="0">
  <testcase name="test1" time="9.567" classname="WebAppTest.TestChromeOnGrid"/>
</testsuite> <!-- WebAppTest.TestChromeOnGrid -->
