<?xml version="1.0" encoding="UTF-8"?>
<!-- Generated by org.testng.reporters.JUnitReportReporter -->
<testsuite name="WebAppTest.HeadlessBrowserTest" tests="1" time="1.428" ignored="0" failures="0" timestamp="06 Nov 2017 01:17:32 GMT" skipped="0" hostname="DESKTOP-8051JJ9" errors="0">
  <testcase name="verifySimplWebAppTitle" time="1.428" classname="WebAppTest.HeadlessBrowserTest"/>
</testsuite> <!-- WebAppTest.HeadlessBrowserTest -->
