<?xml version="1.0" encoding="UTF-8"?>
<!-- Generated by org.testng.reporters.JUnitReportReporter -->
<testsuite name="WebAppTest.TestFFonGrid" tests="1" time="7.724" ignored="0" failures="0" timestamp="13 Nov 2017 04:31:39 GMT" skipped="0" hostname="DESKTOP-8051JJ9" errors="0">
  <testcase name="test1" time="7.724" classname="WebAppTest.TestFFonGrid"/>
</testsuite> <!-- WebAppTest.TestFFonGrid -->
